Release 14.2 - xst P.28xd (nt64)
Copyright (c) 1995-2012 Xilinx, Inc.  All rights reserved.
--> Parameter TMPDIR set to xst/projnav.tmp


Total REAL time to Xst completion: 1.00 secs
Total CPU time to Xst completion: 0.37 secs
 
--> Parameter xsthdpdir set to xst


Total REAL time to Xst completion: 1.00 secs
Total CPU time to Xst completion: 0.37 secs
 
--> Reading design: alu_32bit.prj

TABLE OF CONTENTS
  1) Synthesis Options Summary
  2) HDL Compilation
  3) Design Hierarchy Analysis
  4) HDL Analysis
  5) HDL Synthesis
     5.1) HDL Synthesis Report
  6) Advanced HDL Synthesis
     6.1) Advanced HDL Synthesis Report
  7) Low Level Synthesis
  8) Partition Report
  9) Final Report
	9.1) Device utilization summary
	9.2) Partition Resource Summary
	9.3) TIMING REPORT


=========================================================================
*                      Synthesis Options Summary                        *
=========================================================================
---- Source Parameters
Input File Name                    : "alu_32bit.prj"
Input Format                       : mixed
Ignore Synthesis Constraint File   : NO

---- Target Parameters
Output File Name                   : "alu_32bit"
Output Format                      : NGC
Target Device                      : xc3s500e-4-fg320

---- Source Options
Top Module Name                    : alu_32bit
Automatic FSM Extraction           : YES
FSM Encoding Algorithm             : Auto
Safe Implementation                : No
FSM Style                          : LUT
RAM Extraction                     : Yes
RAM Style                          : Auto
ROM Extraction                     : Yes
Mux Style                          : Auto
Decoder Extraction                 : YES
Priority Encoder Extraction        : Yes
Shift Register Extraction          : YES
Logical Shifter Extraction         : YES
XOR Collapsing                     : YES
ROM Style                          : Auto
Mux Extraction                     : Yes
Resource Sharing                   : YES
Asynchronous To Synchronous        : NO
Multiplier Style                   : Auto
Automatic Register Balancing       : No

---- Target Options
Add IO Buffers                     : YES
Global Maximum Fanout              : 500
Add Generic Clock Buffer(BUFG)     : 24
Register Duplication               : YES
Slice Packing                      : YES
Optimize Instantiated Primitives   : NO
Use Clock Enable                   : Yes
Use Synchronous Set                : Yes
Use Synchronous Reset              : Yes
Pack IO Registers into IOBs        : Auto
Equivalent register Removal        : YES

---- General Options
Optimization Goal                  : Speed
Optimization Effort                : 1
Keep Hierarchy                     : No
Netlist Hierarchy                  : As_Optimized
RTL Output                         : Yes
Global Optimization                : AllClockNets
Read Cores                         : YES
Write Timing Constraints           : NO
Cross Clock Analysis               : NO
Hierarchy Separator                : /
Bus Delimiter                      : <>
Case Specifier                     : Maintain
Slice Utilization Ratio            : 100
BRAM Utilization Ratio             : 100
Verilog 2001                       : YES
Auto BRAM Packing                  : NO
Slice Utilization Ratio Delta      : 5

=========================================================================


=========================================================================
*                          HDL Compilation                              *
=========================================================================
Compiling verilog file "mux4_1.v" in library work
Compiling verilog file "mux2_1.v" in library work
Module <mux4_1> compiled
Compiling verilog file "full_adder.v" in library work
Module <mux2_1> compiled
Compiling verilog file "alu_1bit.v" in library work
Module <full_adder> compiled
Compiling verilog file "alu_4bit.v" in library work
Module <alu_1bit> compiled
Compiling verilog file "alu_8bit.v" in library work
Module <alu_4bit> compiled
Compiling verilog file "alu_16bit.v" in library work
Module <alu_8bit> compiled
Compiling verilog file "alu_32bit.v" in library work
Module <alu_16bit> compiled
Module <alu_32bit> compiled
No errors in compilation
Analysis of file <"alu_32bit.prj"> succeeded.
 

=========================================================================
*                     Design Hierarchy Analysis                         *
=========================================================================
Analyzing hierarchy for module <alu_32bit> in library <work>.

Analyzing hierarchy for module <alu_16bit> in library <work>.

Analyzing hierarchy for module <alu_8bit> in library <work>.

Analyzing hierarchy for module <alu_4bit> in library <work>.

Analyzing hierarchy for module <alu_1bit> in library <work>.

Analyzing hierarchy for module <mux2_1> in library <work>.

Analyzing hierarchy for module <full_adder> in library <work>.

Analyzing hierarchy for module <mux4_1> in library <work>.


=========================================================================
*                            HDL Analysis                               *
=========================================================================
Analyzing top module <alu_32bit>.
Module <alu_32bit> is correct for synthesis.
 
Analyzing module <alu_16bit> in library <work>.
Module <alu_16bit> is correct for synthesis.
 
Analyzing module <alu_8bit> in library <work>.
Module <alu_8bit> is correct for synthesis.
 
Analyzing module <alu_4bit> in library <work>.
Module <alu_4bit> is correct for synthesis.
 
Analyzing module <alu_1bit> in library <work>.
Module <alu_1bit> is correct for synthesis.
 
Analyzing module <mux2_1> in library <work>.
Module <mux2_1> is correct for synthesis.
 
Analyzing module <full_adder> in library <work>.
Module <full_adder> is correct for synthesis.
 
Analyzing module <mux4_1> in library <work>.
Module <mux4_1> is correct for synthesis.
 

=========================================================================
*                           HDL Synthesis                               *
=========================================================================

Performing bidirectional port resolution...

Synthesizing Unit <mux2_1>.
    Related source file is "mux2_1.v".
Unit <mux2_1> synthesized.


Synthesizing Unit <full_adder>.
    Related source file is "full_adder.v".
    Found 1-bit xor2 for signal <x_or>.
Unit <full_adder> synthesized.


Synthesizing Unit <mux4_1>.
    Related source file is "mux4_1.v".
Unit <mux4_1> synthesized.


Synthesizing Unit <alu_1bit>.
    Related source file is "alu_1bit.v".
Unit <alu_1bit> synthesized.


Synthesizing Unit <alu_4bit>.
    Related source file is "alu_4bit.v".
Unit <alu_4bit> synthesized.


Synthesizing Unit <alu_8bit>.
    Related source file is "alu_8bit.v".
Unit <alu_8bit> synthesized.


Synthesizing Unit <alu_16bit>.
    Related source file is "alu_16bit.v".
Unit <alu_16bit> synthesized.


Synthesizing Unit <alu_32bit>.
    Related source file is "alu_32bit.v".
Unit <alu_32bit> synthesized.


=========================================================================
HDL Synthesis Report

Macro Statistics
# Xors                                                 : 32
 1-bit xor2                                            : 32

=========================================================================

=========================================================================
*                       Advanced HDL Synthesis                          *
=========================================================================


=========================================================================
Advanced HDL Synthesis Report

Macro Statistics
# Xors                                                 : 32
 1-bit xor2                                            : 32

=========================================================================

=========================================================================
*                         Low Level Synthesis                           *
=========================================================================

Optimizing unit <alu_32bit> ...

Mapping all equations...
Building and optimizing final netlist ...
Found area constraint ratio of 100 (+ 5) on block alu_32bit, actual ratio is 2.

Final Macro Processing ...

=========================================================================
Final Register Report

Found no macro
=========================================================================

=========================================================================
*                           Partition Report                            *
=========================================================================

Partition Implementation Status
-------------------------------

  No Partitions were found in this design.

-------------------------------

=========================================================================
*                            Final Report                               *
=========================================================================
Final Results
RTL Top Level Output File Name     : alu_32bit.ngr
Top Level Output File Name         : alu_32bit
Output Format                      : NGC
Optimization Goal                  : Speed
Keep Hierarchy                     : No

Design Statistics
# IOs                              : 133

Cell Usage :
# BELS                             : 194
#      LUT2                        : 4
#      LUT3                        : 17
#      LUT4                        : 126
#      MUXF5                       : 47
# IO Buffers                       : 133
#      IBUF                        : 100
#      OBUF                        : 33
=========================================================================

Device utilization summary:
---------------------------

Selected Device : 3s500efg320-4 

 Number of Slices:                       77  out of   4656     1%  
 Number of 4 input LUTs:                147  out of   9312     1%  
 Number of IOs:                         133
 Number of bonded IOBs:                 133  out of    232    57%  

---------------------------
Partition Resource Summary:
---------------------------

  No Partitions were found in this design.

---------------------------


=========================================================================
TIMING REPORT

NOTE: THESE TIMING NUMBERS ARE ONLY A SYNTHESIS ESTIMATE.
      FOR ACCURATE TIMING INFORMATION PLEASE REFER TO THE TRACE REPORT
      GENERATED AFTER PLACE-and-ROUTE.

Clock Information:
------------------
No clock signals found in this design

Asynchronous Control Signals Information:
----------------------------------------
No asynchronous control signals found in this design

Timing Summary:
---------------
Speed Grade: -4

   Minimum period: No path found
   Minimum input arrival time before clock: No path found
   Maximum output required time after clock: No path found
   Maximum combinational path delay: 44.163ns

Timing Detail:
--------------
All values displayed in nanoseconds (ns)

=========================================================================
Timing constraint: Default path analysis
  Total number of paths / destination ports: 1990 / 33
-------------------------------------------------------------------------
Delay:               44.163ns (Levels of Logic = 35)
  Source:            binv (PAD)
  Destination:       result<30> (PAD)

  Data Path: binv to result<30>
                                Gate     Net
    Cell:in->out      fanout   Delay   Delay  Logical Name (Net Name)
    ----------------------------------------  ------------
     IBUF:I->O           111   1.218   1.322  binv_IBUF (binv_IBUF)
     LUT4:I2->O            2   0.704   0.451  M1/M1/M1/M2/M4/co_SW0 (N118)
     LUT4:I3->O            3   0.704   0.535  M1/M1/M1/M2/M4/co (M1/M1/M1/cin2)
     LUT4:I3->O            1   0.704   0.424  M1/M1/M1/M4/M4/co_SW2 (N148)
     LUT4:I3->O            3   0.704   0.535  M1/M1/M1/M4/M4/co (M1/M1/cin1_XDM0001)
     LUT4:I3->O            1   0.704   0.424  M1/M1/M2/M2/M4/co_SW2 (N146)
     LUT4:I3->O            3   0.704   0.535  M1/M1/M2/M2/M4/co (M1/M1/M2/cin2)
     LUT4:I3->O            1   0.704   0.424  M1/M1/M2/M4/M4/co_SW2 (N144)
     LUT4:I3->O            3   0.704   0.535  M1/M1/M2/M4/M4/co (M1/cin1)
     LUT4:I3->O            1   0.704   0.424  M1/M2/M1/M2/M4/co_SW2 (N142)
     LUT4:I3->O            3   0.704   0.535  M1/M2/M1/M2/M4/co (M1/M2/M1/cin2)
     LUT4:I3->O            1   0.704   0.424  M1/M2/M1/M4/M4/co_SW2 (N140)
     LUT4:I3->O            3   0.704   0.535  M1/M2/M1/M4/M4/co (M1/M2/cin1)
     LUT4:I3->O            1   0.704   0.424  M1/M2/M2/M2/M4/co_SW2 (N138)
     LUT4:I3->O            3   0.704   0.535  M1/M2/M2/M2/M4/co (M1/M2/M2/cin2)
     LUT4:I3->O            1   0.704   0.424  M1/M2/M2/M4/M4/co_SW2 (N136)
     LUT4:I3->O            3   0.704   0.535  M1/M2/M2/M4/M4/co (cin1)
     LUT4:I3->O            1   0.704   0.424  M2/M1/M1/M2/M4/co_SW2 (N134)
     LUT4:I3->O            3   0.704   0.535  M2/M1/M1/M2/M4/co (M2/M1/M1/cin2)
     LUT4:I3->O            1   0.704   0.424  M2/M1/M1/M4/M4/co_SW2 (N132)
     LUT4:I3->O            3   0.704   0.535  M2/M1/M1/M4/M4/co (M2/M1/cin1_XDM0001)
     LUT4:I3->O            1   0.704   0.424  M2/M1/M2/M2/M4/co_SW2 (N130)
     LUT4:I3->O            3   0.704   0.535  M2/M1/M2/M2/M4/co (M2/M1/M2/cin2)
     LUT4:I3->O            1   0.704   0.424  M2/M1/M2/M4/M4/co_SW2 (N128)
     LUT4:I3->O            3   0.704   0.535  M2/M1/M2/M4/M4/co (M2/cin1)
     LUT4:I3->O            1   0.704   0.424  M2/M2/M1/M2/M4/co_SW2 (N126)
     LUT4:I3->O            3   0.704   0.535  M2/M2/M1/M2/M4/co (M2/M2/M1/cin2)
     LUT4:I3->O            1   0.704   0.424  M2/M2/M1/M4/M4/co_SW2 (N124)
     LUT4:I3->O            3   0.704   0.535  M2/M2/M1/M4/M4/co (M2/M2/cin1_XDM0001)
     LUT4:I3->O            1   0.704   0.424  M2/M2/M2/M2/M4/co_SW2 (N122)
     LUT4:I3->O            3   0.704   0.706  M2/M2/M2/M2/M4/co (M2/M2/M2/cin2)
     LUT3:I0->O            1   0.704   0.499  M2/M2/M2/M3/M4/sum11 (N29)
     LUT4:I1->O            1   0.704   0.000  M2/M2/M2/M3/M5/result1 (M2/M2/M2/M3/M5/result)
     MUXF5:I1->O           1   0.321   0.420  M2/M2/M2/M3/M5/result_f5 (result_30_OBUF)
     OBUF:I->O                 3.272          result_30_OBUF (result<30>)
    ----------------------------------------
    Total                     44.163ns (27.339ns logic, 16.824ns route)
                                       (61.9% logic, 38.1% route)

=========================================================================


Total REAL time to Xst completion: 40.00 secs
Total CPU time to Xst completion: 39.70 secs
 
--> 

Total memory usage is 333656 kilobytes

Number of errors   :    0 (   0 filtered)
Number of warnings :    0 (   0 filtered)
Number of infos    :    0 (   0 filtered)

